# JRE version: Java(TM) SE Runtime Environment (8.0_144-b01) (build 1.8.0_144-b01)
# Java VM: Java HotSpot(TM) 64-Bit Server VM (25.144-b01 mixed mode linux-amd64 compressed oops)
Heap:
 garbage-first heap   total 280576K, used 160256K [0x00000000c0000000, 0x00000000c0100890, 0x0000000100000000)
  region size 1024K, 13 young (13312K), 3 survivors (3072K)
 Metaspace       used 171967K, capacity 188806K, committed 188880K, reserved 1214464K
  class space    used 19812K, capacity 24502K, committed 24528K, reserved 1048576K
GC Heap History (10 events):
Event: 23630,949 GC heap before
{Heap before GC invocations=735 (full 2):
 garbage-first heap   total 277504K, used 241566K [0x00000000c0000000, 0x00000000c0100878, 0x0000000100000000)
  region size 1024K, 91 young (93184K), 5 survivors (5120K)
 Metaspace       used 170814K, capacity 187296K, committed 187472K, reserved 1212416K
  class space    used 19662K, capacity 24325K, committed 24400K, reserved 1048576K
Event: 23630,973 GC heap after
Heap after GC invocations=736 (full 2):
 garbage-first heap   total 277504K, used 152565K [0x00000000c0000000, 0x00000000c0100878, 0x0000000100000000)
  region size 1024K, 4 young (4096K), 4 survivors (4096K)
 Metaspace       used 170814K, capacity 187296K, committed 187472K, reserved 1212416K
  class space    used 19662K, capacity 24325K, committed 24400K, reserved 1048576K
}
Event: 23632,896 GC heap before
{Heap before GC invocations=736 (full 2):
 garbage-first heap   total 277504K, used 161781K [0x00000000c0000000, 0x00000000c0100878, 0x0000000100000000)
  region size 1024K, 13 young (13312K), 4 survivors (4096K)
 Metaspace       used 170816K, capacity 187296K, committed 187472K, reserved 1212416K
  class space    used 19662K, capacity 24325K, committed 24400K, reserved 1048576K
Event: 23632,952 GC heap after
Heap after GC invocations=737 (full 2):
 garbage-first heap   total 277504K, used 150259K [0x00000000c0000000, 0x00000000c0100878, 0x0000000100000000)
  region size 1024K, 2 young (2048K), 2 survivors (2048K)
 Metaspace       used 170816K, capacity 187296K, committed 187472K, reserved 1212416K
  class space    used 19662K, capacity 24325K, committed 24400K, reserved 1048576K
}
Event: 23698,864 GC heap before
{Heap before GC invocations=737 (full 2):
 garbage-first heap   total 277504K, used 245491K [0x00000000c0000000, 0x00000000c0100878, 0x0000000100000000)
  region size 1024K, 95 young (97280K), 2 survivors (2048K)
 Metaspace       used 170820K, capacity 187296K, committed 187472K, reserved 1212416K
  class space    used 19662K, capacity 24325K, committed 24400K, reserved 1048576K
Event: 23698,922 GC heap after
Heap after GC invocations=738 (full 2):
 garbage-first heap   total 277504K, used 149404K [0x00000000c0000000, 0x00000000c0100878, 0x0000000100000000)
  region size 1024K, 2 young (2048K), 2 survivors (2048K)
 Metaspace       used 170820K, capacity 187296K, committed 187472K, reserved 1212416K
  class space    used 19662K, capacity 24325K, committed 24400K, reserved 1048576K
}
Event: 25544,159 GC heap before
{Heap before GC invocations=738 (full 2):
 garbage-first heap   total 277504K, used 244636K [0x00000000c0000000, 0x00000000c0100878, 0x0000000100000000)
  region size 1024K, 95 young (97280K), 2 survivors (2048K)
 Metaspace       used 170901K, capacity 187432K, committed 187728K, reserved 1212416K
  class space    used 19674K, capacity 24327K, committed 24400K, reserved 1048576K
Event: 25544,171 GC heap after
Heap after GC invocations=739 (full 2):
 garbage-first heap   total 277504K, used 149605K [0x00000000c0000000, 0x00000000c0100878, 0x0000000100000000)
  region size 1024K, 2 young (2048K), 2 survivors (2048K)
 Metaspace       used 170901K, capacity 187432K, committed 187728K, reserved 1212416K
  class space    used 19674K, capacity 24327K, committed 24400K, reserved 1048576K
}
Event: 25547,134 GC heap before
{Heap before GC invocations=740 (full 2):
 garbage-first heap   total 277504K, used 269937K [0x00000000c0000000, 0x00000000c0100878, 0x0000000100000000)
  region size 1024K, 87 young (89088K), 2 survivors (2048K)
 Metaspace       used 171912K, capacity 188742K, committed 188880K, reserved 1214464K
  class space    used 19804K, capacity 24502K, committed 24528K, reserved 1048576K
Event: 25547,162 GC heap after
Heap after GC invocations=741 (full 2):
 garbage-first heap   total 280576K, used 151040K [0x00000000c0000000, 0x00000000c0100890, 0x0000000100000000)
  region size 1024K, 3 young (3072K), 3 survivors (3072K)
 Metaspace       used 171912K, capacity 188742K, committed 188880K, reserved 1214464K
  class space    used 19804K, capacity 24502K, committed 24528K, reserved 1048576K
}

